Copyright 1986-2022 Xilinx, Inc. All Rights Reserved. Copyright 2022-2023 Advanced Micro Devices, Inc. All Rights Reserved.
---------------------------------------------------------------------------------------------------------------------------------------------
| Tool Version : Vivado v.2023.1 (win64) Build 3865809 Sun May  7 15:05:29 MDT 2023
| Date         : Tue Jan  2 15:59:49 2024
| Host         : hhy running 64-bit major release  (build 9200)
| Command      : report_control_sets -verbose -file top_control_sets_placed.rpt
| Design       : top
| Device       : xc7k160t
---------------------------------------------------------------------------------------------------------------------------------------------

Control Set Information

Table of Contents
-----------------
1. Summary
2. Histogram
3. Flip-Flop Distribution
4. Detailed Control Set Information

1. Summary
----------

+----------------------------------------------------------+-------+
|                          Status                          | Count |
+----------------------------------------------------------+-------+
| Total control sets                                       |    37 |
|    Minimum number of control sets                        |    37 |
|    Addition due to synthesis replication                 |     0 |
|    Addition due to physical synthesis replication        |     0 |
| Unused register locations in slices containing registers |   171 |
+----------------------------------------------------------+-------+
* Control sets can be merged at opt_design using control_set_merge or merge_equivalent_drivers
** Run report_qor_suggestions for automated merging and remapping suggestions


2. Histogram
------------

+--------------------+-------+
|       Fanout       | Count |
+--------------------+-------+
| Total control sets |    37 |
| >= 0 to < 4        |    11 |
| >= 4 to < 6        |     7 |
| >= 6 to < 8        |     1 |
| >= 8 to < 10       |     1 |
| >= 10 to < 12      |     5 |
| >= 12 to < 14      |     2 |
| >= 14 to < 16      |     0 |
| >= 16              |    10 |
+--------------------+-------+
* Control sets can be remapped at either synth_design or opt_design


3. Flip-Flop Distribution
-------------------------

+--------------+-----------------------+------------------------+-----------------+--------------+
| Clock Enable | Synchronous Set/Reset | Asynchronous Set/Reset | Total Registers | Total Slices |
+--------------+-----------------------+------------------------+-----------------+--------------+
| No           | No                    | No                     |             125 |           71 |
| No           | No                    | Yes                    |             102 |           33 |
| No           | Yes                   | No                     |              46 |           17 |
| Yes          | No                    | No                     |             173 |           79 |
| Yes          | No                    | Yes                    |              58 |           28 |
| Yes          | Yes                   | No                     |             165 |           96 |
+--------------+-----------------------+------------------------+-----------------+--------------+


4. Detailed Control Set Information
-----------------------------------

+----------------------------------------+------------------------------------------------+------------------------------------------+------------------+----------------+--------------+
|              Clock Signal              |                  Enable Signal                 |             Set/Reset Signal             | Slice Load Count | Bel Load Count | Bels / Slice |
+----------------------------------------+------------------------------------------------+------------------------------------------+------------------+----------------+--------------+
|  clk_IBUF_BUFG                         | ps2/temp_data[1]_i_1_n_0                       | rst_sys_IBUF                             |                1 |              1 |         1.00 |
|  clk_IBUF_BUFG                         | ps2/temp_data[0]_i_1_n_0                       | rst_sys_IBUF                             |                1 |              1 |         1.00 |
|  clk_IBUF_BUFG                         | ps2/temp_data[5]_i_1_n_0                       | rst_sys_IBUF                             |                1 |              1 |         1.00 |
|  move/clk_10hz_reg_n_0                 |                                                | ps2/AR[0]                                |                1 |              1 |         1.00 |
|  clk_IBUF_BUFG                         | ps2/temp_data[6]_i_1_n_0                       | rst_sys_IBUF                             |                1 |              1 |         1.00 |
|  clk_IBUF_BUFG                         | ps2/temp_data[2]_i_1_n_0                       | rst_sys_IBUF                             |                1 |              1 |         1.00 |
|  clk_IBUF_BUFG                         | ps2/temp_data[3]_i_1_n_0                       | rst_sys_IBUF                             |                1 |              1 |         1.00 |
|  clk_IBUF_BUFG                         | ps2/temp_data[4]_i_1_n_0                       | rst_sys_IBUF                             |                1 |              1 |         1.00 |
|  clk_IBUF_BUFG                         | display_level_num/m7/M2/EN_i_1_n_0             |                                          |                1 |              1 |         1.00 |
|  clk_IBUF_BUFG                         | ps2/temp_data[7]_i_1_n_0                       | rst_sys_IBUF                             |                1 |              1 |         1.00 |
|  clk_IBUF_BUFG                         | display_level_num/m7/M2/state                  |                                          |                1 |              3 |         3.00 |
|  counter_inst/m2/CP00_out              |                                                | counter_inst/m3/co3                      |                3 |              4 |         1.33 |
|  counter_inst/m1/CP0                   |                                                | counter_inst/m2/co2                      |                1 |              4 |         4.00 |
|  counter_inst/m3/CP01_out              |                                                | counter_inst/m4/Q_reg[3]_i_3__1_n_0      |                2 |              4 |         2.00 |
|  counter_inst/clk_div_10ms/clk_counter |                                                | counter_inst/m1/co1                      |                2 |              4 |         2.00 |
|  clk_IBUF_BUFG                         | ps2/p_0_in                                     | rst_sys_IBUF                             |                1 |              4 |         4.00 |
|  move/clk_10hz_reg_n_0                 | move/y_index[4]_i_1_n_0                        | ps2/AR[0]                                |                1 |              5 |         5.00 |
|  move/clk_10hz_reg_n_0                 | fsm/state_reg[1]_1[0]                          | ps2/AR[0]                                |                2 |              5 |         2.50 |
|  clk_IBUF_BUFG                         | display_level_num/m7/M2/shift_count[5]_i_1_n_0 |                                          |                2 |              6 |         3.00 |
|  clk_IBUF_BUFG                         | fsm/state_reg[0]_1                             | init/num_reg[1]_rep__1_2                 |                8 |              8 |         1.00 |
|  init/clk_2hz_reg_n_0                  |                                                | rst_sys_IBUF                             |                3 |             10 |         3.33 |
|  clk_div                               | graphics/vga_ctrl/state_reg[0][0]              | rst_sys_IBUF                             |                4 |             10 |         2.50 |
|  clk_IBUF_BUFG                         | ps2/data[9]_i_1_n_0                            | rst_sys_IBUF                             |                2 |             10 |         5.00 |
|  clk_div                               | graphics/vga_ctrl/v_count                      | rst_sys_IBUF                             |                4 |             10 |         2.50 |
|  clk_div                               |                                                | graphics/vga_ctrl/h_count[9]_i_1_n_0     |                4 |             10 |         2.50 |
|  clk_div                               | fsm/E[0]                                       | rst_sys_IBUF                             |                6 |             12 |         2.00 |
|  clk_div                               |                                                | graphics/vga_ctrl/rdn                    |                7 |             12 |         1.71 |
|  init/clk_2hz_reg_n_0                  | fsm/state_reg[0]_0                             | rst_sys_IBUF                             |               10 |             16 |         1.60 |
|  clk_div                               | fsm/state_reg[1]_0[0]                          |                                          |                9 |             20 |         2.22 |
|  clk_IBUF_BUFG                         |                                                | counter_inst/clk_div_10ms/cnt[2]_i_1_n_0 |                6 |             24 |         4.00 |
|  clk_IBUF_BUFG                         | fsm/state_reg[0]_1                             | fsm/num_reg[1]_rep                       |               26 |             38 |         1.46 |
|  clk_IBUF_BUFG                         |                                                |                                          |               17 |             49 |         2.88 |
|  clk_IBUF_BUFG                         | display_level_num/m7/M2/buffer[63]_i_1_n_0     |                                          |               21 |             64 |         3.05 |
|  clk_IBUF_BUFG                         |                                                | rst_sys_IBUF                             |               21 |             75 |         3.57 |
|  clk_div                               |                                                |                                          |               54 |             76 |         1.41 |
|  clk_IBUF_BUFG                         | fsm/state_reg[0]_1                             |                                          |               45 |             79 |         1.76 |
|  clk_IBUF_BUFG                         | fsm/state_reg[0]_1                             | init/p_0_in[0]                           |               52 |             97 |         1.87 |
+----------------------------------------+------------------------------------------------+------------------------------------------+------------------+----------------+--------------+


